[2022-11-08T00:19:30.584+0000] {taskinstance.py:1165} INFO - Dependencies all met for <TaskInstance: my_dag.training_model_B manual__2022-11-08T00:19:29.059613+00:00 [queued]>
[2022-11-08T00:19:30.614+0000] {taskinstance.py:1165} INFO - Dependencies all met for <TaskInstance: my_dag.training_model_B manual__2022-11-08T00:19:29.059613+00:00 [queued]>
[2022-11-08T00:19:30.616+0000] {taskinstance.py:1362} INFO - 
--------------------------------------------------------------------------------
[2022-11-08T00:19:30.616+0000] {taskinstance.py:1363} INFO - Starting attempt 1 of 1
[2022-11-08T00:19:30.618+0000] {taskinstance.py:1364} INFO - 
--------------------------------------------------------------------------------
[2022-11-08T00:19:30.649+0000] {taskinstance.py:1383} INFO - Executing <Task(PythonOperator): training_model_B> on 2022-11-08 00:19:29.059613+00:00
[2022-11-08T00:19:30.657+0000] {standard_task_runner.py:55} INFO - Started process 3448 to run task
[2022-11-08T00:19:30.667+0000] {standard_task_runner.py:82} INFO - Running: ['***', 'tasks', 'run', 'my_dag', 'training_model_B', 'manual__2022-11-08T00:19:29.059613+00:00', '--job-id', '12', '--raw', '--subdir', 'DAGS_FOLDER/my_dag.py', '--cfg-path', '/tmp/tmp_50yg33l']
[2022-11-08T00:19:30.668+0000] {standard_task_runner.py:83} INFO - Job 12: Subtask training_model_B
[2022-11-08T00:19:30.818+0000] {task_command.py:376} INFO - Running <TaskInstance: my_dag.training_model_B manual__2022-11-08T00:19:29.059613+00:00 [running]> on host 786e58bb7830
[2022-11-08T00:19:30.922+0000] {taskinstance.py:1592} INFO - Exporting the following env vars:
AIRFLOW_CTX_DAG_OWNER=***
AIRFLOW_CTX_DAG_ID=my_dag
AIRFLOW_CTX_TASK_ID=training_model_B
AIRFLOW_CTX_EXECUTION_DATE=2022-11-08T00:19:29.059613+00:00
AIRFLOW_CTX_TRY_NUMBER=1
AIRFLOW_CTX_DAG_RUN_ID=manual__2022-11-08T00:19:29.059613+00:00
[2022-11-08T00:19:30.925+0000] {python.py:177} INFO - Done. Returned value was: 3
[2022-11-08T00:19:30.966+0000] {taskinstance.py:1406} INFO - Marking task as SUCCESS. dag_id=my_dag, task_id=training_model_B, execution_date=20221108T001929, start_date=20221108T001930, end_date=20221108T001930
[2022-11-08T00:19:30.997+0000] {local_task_job.py:164} INFO - Task exited with return code 0
[2022-11-08T00:19:31.050+0000] {local_task_job.py:273} INFO - 0 downstream tasks scheduled from follow-on schedule check
