[2022-11-08T16:14:55.294+0000] {taskinstance.py:1165} INFO - Dependencies all met for <TaskInstance: book_list_dag.send_email manual__2022-11-08T16:14:50.215057+00:00 [queued]>
[2022-11-08T16:14:55.330+0000] {taskinstance.py:1165} INFO - Dependencies all met for <TaskInstance: book_list_dag.send_email manual__2022-11-08T16:14:50.215057+00:00 [queued]>
[2022-11-08T16:14:55.332+0000] {taskinstance.py:1362} INFO - 
--------------------------------------------------------------------------------
[2022-11-08T16:14:55.333+0000] {taskinstance.py:1363} INFO - Starting attempt 1 of 1
[2022-11-08T16:14:55.334+0000] {taskinstance.py:1364} INFO - 
--------------------------------------------------------------------------------
[2022-11-08T16:14:55.362+0000] {taskinstance.py:1383} INFO - Executing <Task(PythonOperator): send_email> on 2022-11-08 16:14:50.215057+00:00
[2022-11-08T16:14:55.375+0000] {standard_task_runner.py:55} INFO - Started process 594 to run task
[2022-11-08T16:14:55.382+0000] {standard_task_runner.py:82} INFO - Running: ['***', 'tasks', 'run', 'book_list_dag', 'send_email', 'manual__2022-11-08T16:14:50.215057+00:00', '--job-id', '36', '--raw', '--subdir', 'DAGS_FOLDER/book_lists_dag.py', '--cfg-path', '/tmp/tmpzscx5b2q']
[2022-11-08T16:14:55.384+0000] {standard_task_runner.py:83} INFO - Job 36: Subtask send_email
[2022-11-08T16:14:55.496+0000] {task_command.py:376} INFO - Running <TaskInstance: book_list_dag.send_email manual__2022-11-08T16:14:50.215057+00:00 [running]> on host 786e58bb7830
[2022-11-08T16:14:55.621+0000] {taskinstance.py:1592} INFO - Exporting the following env vars:
AIRFLOW_CTX_DAG_OWNER=***
AIRFLOW_CTX_DAG_ID=book_list_dag
AIRFLOW_CTX_TASK_ID=send_email
AIRFLOW_CTX_EXECUTION_DATE=2022-11-08T16:14:50.215057+00:00
AIRFLOW_CTX_TRY_NUMBER=1
AIRFLOW_CTX_DAG_RUN_ID=manual__2022-11-08T16:14:50.215057+00:00
[2022-11-08T16:14:56.442+0000] {python.py:177} INFO - Done. Returned value was: ['']
[2022-11-08T16:14:56.493+0000] {taskinstance.py:1406} INFO - Marking task as SUCCESS. dag_id=book_list_dag, task_id=send_email, execution_date=20221108T161450, start_date=20221108T161455, end_date=20221108T161456
[2022-11-08T16:14:56.568+0000] {local_task_job.py:164} INFO - Task exited with return code 0
[2022-11-08T16:14:56.598+0000] {local_task_job.py:273} INFO - 0 downstream tasks scheduled from follow-on schedule check
