[2022-11-08T16:13:19.764+0000] {taskinstance.py:1165} INFO - Dependencies all met for <TaskInstance: book_list_dag.fetch_data manual__2022-11-08T16:13:18.455601+00:00 [queued]>
[2022-11-08T16:13:19.781+0000] {taskinstance.py:1165} INFO - Dependencies all met for <TaskInstance: book_list_dag.fetch_data manual__2022-11-08T16:13:18.455601+00:00 [queued]>
[2022-11-08T16:13:19.783+0000] {taskinstance.py:1362} INFO - 
--------------------------------------------------------------------------------
[2022-11-08T16:13:19.785+0000] {taskinstance.py:1363} INFO - Starting attempt 1 of 1
[2022-11-08T16:13:19.786+0000] {taskinstance.py:1364} INFO - 
--------------------------------------------------------------------------------
[2022-11-08T16:13:19.814+0000] {taskinstance.py:1383} INFO - Executing <Task(PythonOperator): fetch_data> on 2022-11-08 16:13:18.455601+00:00
[2022-11-08T16:13:19.822+0000] {standard_task_runner.py:55} INFO - Started process 513 to run task
[2022-11-08T16:13:19.827+0000] {standard_task_runner.py:82} INFO - Running: ['***', 'tasks', 'run', 'book_list_dag', 'fetch_data', 'manual__2022-11-08T16:13:18.455601+00:00', '--job-id', '31', '--raw', '--subdir', 'DAGS_FOLDER/book_lists_dag.py', '--cfg-path', '/tmp/tmpn03xgi27']
[2022-11-08T16:13:19.828+0000] {standard_task_runner.py:83} INFO - Job 31: Subtask fetch_data
[2022-11-08T16:13:19.926+0000] {task_command.py:376} INFO - Running <TaskInstance: book_list_dag.fetch_data manual__2022-11-08T16:13:18.455601+00:00 [running]> on host 786e58bb7830
[2022-11-08T16:13:20.050+0000] {taskinstance.py:1592} INFO - Exporting the following env vars:
AIRFLOW_CTX_DAG_OWNER=***
AIRFLOW_CTX_DAG_ID=book_list_dag
AIRFLOW_CTX_TASK_ID=fetch_data
AIRFLOW_CTX_EXECUTION_DATE=2022-11-08T16:13:18.455601+00:00
AIRFLOW_CTX_TRY_NUMBER=1
AIRFLOW_CTX_DAG_RUN_ID=manual__2022-11-08T16:13:18.455601+00:00
[2022-11-08T16:13:21.704+0000] {python.py:177} INFO - Done. Returned value was: For list name: Combined Print and E-Book Nonfiction, best_seller_date:2022-10-29, publish date:2022-11-13, the rank goes as follows: 
1:RADIO'S GREATEST OF ALL TIME,by Rush Limbaugh with Kathryn Adams Limbaugh and David Limbaugh 
2:I'M GLAD MY MOM DIED,by Jennette McCurdy 
3:AND THERE WAS LIGHT,by Jon Meacham 
4:WAYPOINTS,by Sam Heughan 
5:THE BODY KEEPS THE SCORE,by Bessel van der Kolk 
6:THE SONG OF THE CELL,by Siddhartha Mukherjee 
7:MY TRAVELS WITH MRS. KENNEDY,by Clint Hill and Lisa McCubbin Hill 
8:JUSTICE CORRUPTED,by Ted Cruz 
9:THE REVOLUTIONARY,by Stacy Schiff 
10:CONFIDENCE MAN,by Maggie Haberman 
11:THE LAST FOLK HERO,by Jeff Pearlman 
12:KILLING THE LEGENDS,by Bill O'Reilly and Martin Dugard 
13:THE EXTRAORDINARY LIFE OF AN ORDINARY MAN,by Paul Newman 
14:BEYOND THE WAND,by Tom Felton 
15:LIVE WIRE,by Kelly Ripa 

For list name: Combined Print and E-Book Fiction, best_seller_date:2022-10-29, publish date:2022-11-13, the rank goes as follows: 
1:IT STARTS WITH US,by Colleen Hoover 
2:NO PLAN B,by Lee Child and Andrew Child 
3:IT ENDS WITH US,by Colleen Hoover 
4:THE BOYS FROM BILOXI,by John Grisham 
5:VERITY,by Colleen Hoover 
6:FIRE AND BLOOD,by George R.R. Martin 
7:LIVID,by Patricia Cornwell 
8:THE PASSENGER,by Cormac McCarthy 
9:UGLY LOVE,by Colleen Hoover 
10:LONG SHADOWS,by David Baldacci 
11:FAIRY TALE,by Stephen King 
12:WHERE THE CRAWDADS SING,by Delia Owens 
13:MAD HONEY,by Jodi Picoult and Jennifer Finney Boylan 
14:DEMON COPPERHEAD,by Barbara Kingsolver 
15:THE SEVEN HUSBANDS OF EVELYN HUGO,by Taylor Jenkins Reid 


[2022-11-08T16:13:21.754+0000] {taskinstance.py:1406} INFO - Marking task as SUCCESS. dag_id=book_list_dag, task_id=fetch_data, execution_date=20221108T161318, start_date=20221108T161319, end_date=20221108T161321
[2022-11-08T16:13:21.796+0000] {local_task_job.py:164} INFO - Task exited with return code 0
[2022-11-08T16:13:21.905+0000] {local_task_job.py:273} INFO - 1 downstream tasks scheduled from follow-on schedule check
