[2022-11-08T16:20:01.522+0000] {taskinstance.py:1165} INFO - Dependencies all met for <TaskInstance: book_list_dag.duplicate_pull manual__2022-11-08T16:19:55.344681+00:00 [queued]>
[2022-11-08T16:20:01.540+0000] {taskinstance.py:1165} INFO - Dependencies all met for <TaskInstance: book_list_dag.duplicate_pull manual__2022-11-08T16:19:55.344681+00:00 [queued]>
[2022-11-08T16:20:01.542+0000] {taskinstance.py:1362} INFO - 
--------------------------------------------------------------------------------
[2022-11-08T16:20:01.543+0000] {taskinstance.py:1363} INFO - Starting attempt 1 of 1
[2022-11-08T16:20:01.544+0000] {taskinstance.py:1364} INFO - 
--------------------------------------------------------------------------------
[2022-11-08T16:20:01.569+0000] {taskinstance.py:1383} INFO - Executing <Task(BashOperator): duplicate_pull> on 2022-11-08 16:19:55.344681+00:00
[2022-11-08T16:20:01.578+0000] {standard_task_runner.py:55} INFO - Started process 862 to run task
[2022-11-08T16:20:01.585+0000] {standard_task_runner.py:82} INFO - Running: ['***', 'tasks', 'run', 'book_list_dag', 'duplicate_pull', 'manual__2022-11-08T16:19:55.344681+00:00', '--job-id', '42', '--raw', '--subdir', 'DAGS_FOLDER/book_lists_dag.py', '--cfg-path', '/tmp/tmpe4dg33wk']
[2022-11-08T16:20:01.587+0000] {standard_task_runner.py:83} INFO - Job 42: Subtask duplicate_pull
[2022-11-08T16:20:01.686+0000] {task_command.py:376} INFO - Running <TaskInstance: book_list_dag.duplicate_pull manual__2022-11-08T16:19:55.344681+00:00 [running]> on host 786e58bb7830
[2022-11-08T16:20:01.786+0000] {taskinstance.py:1592} INFO - Exporting the following env vars:
AIRFLOW_CTX_DAG_OWNER=***
AIRFLOW_CTX_DAG_ID=book_list_dag
AIRFLOW_CTX_TASK_ID=duplicate_pull
AIRFLOW_CTX_EXECUTION_DATE=2022-11-08T16:19:55.344681+00:00
AIRFLOW_CTX_TRY_NUMBER=1
AIRFLOW_CTX_DAG_RUN_ID=manual__2022-11-08T16:19:55.344681+00:00
[2022-11-08T16:20:01.805+0000] {subprocess.py:63} INFO - Tmp dir root location: 
 /tmp
[2022-11-08T16:20:01.812+0000] {subprocess.py:75} INFO - Running command: ['/bin/bash', '-c', "echo 'list data already pulled'"]
[2022-11-08T16:20:01.840+0000] {subprocess.py:86} INFO - Output:
[2022-11-08T16:20:01.849+0000] {subprocess.py:93} INFO - list data already pulled
[2022-11-08T16:20:01.852+0000] {subprocess.py:97} INFO - Command exited with return code 0
[2022-11-08T16:20:01.895+0000] {taskinstance.py:1406} INFO - Marking task as SUCCESS. dag_id=book_list_dag, task_id=duplicate_pull, execution_date=20221108T161955, start_date=20221108T162001, end_date=20221108T162001
[2022-11-08T16:20:01.964+0000] {local_task_job.py:164} INFO - Task exited with return code 0
[2022-11-08T16:20:01.992+0000] {local_task_job.py:273} INFO - 0 downstream tasks scheduled from follow-on schedule check
