[2022-11-08T00:17:37.249+0000] {taskinstance.py:1165} INFO - Dependencies all met for <TaskInstance: my_dag.training_model_C manual__2022-11-08T00:17:35.508136+00:00 [queued]>
[2022-11-08T00:17:37.278+0000] {taskinstance.py:1165} INFO - Dependencies all met for <TaskInstance: my_dag.training_model_C manual__2022-11-08T00:17:35.508136+00:00 [queued]>
[2022-11-08T00:17:37.280+0000] {taskinstance.py:1362} INFO - 
--------------------------------------------------------------------------------
[2022-11-08T00:17:37.281+0000] {taskinstance.py:1363} INFO - Starting attempt 1 of 1
[2022-11-08T00:17:37.282+0000] {taskinstance.py:1364} INFO - 
--------------------------------------------------------------------------------
[2022-11-08T00:17:37.326+0000] {taskinstance.py:1383} INFO - Executing <Task(PythonOperator): training_model_C> on 2022-11-08 00:17:35.508136+00:00
[2022-11-08T00:17:37.347+0000] {standard_task_runner.py:55} INFO - Started process 3341 to run task
[2022-11-08T00:17:37.371+0000] {standard_task_runner.py:82} INFO - Running: ['***', 'tasks', 'run', 'my_dag', 'training_model_C', 'manual__2022-11-08T00:17:35.508136+00:00', '--job-id', '8', '--raw', '--subdir', 'DAGS_FOLDER/my_dag.py', '--cfg-path', '/tmp/tmpgh1l6tdm']
[2022-11-08T00:17:37.372+0000] {standard_task_runner.py:83} INFO - Job 8: Subtask training_model_C
[2022-11-08T00:17:37.543+0000] {task_command.py:376} INFO - Running <TaskInstance: my_dag.training_model_C manual__2022-11-08T00:17:35.508136+00:00 [running]> on host 786e58bb7830
[2022-11-08T00:17:37.858+0000] {taskinstance.py:1592} INFO - Exporting the following env vars:
AIRFLOW_CTX_DAG_OWNER=***
AIRFLOW_CTX_DAG_ID=my_dag
AIRFLOW_CTX_TASK_ID=training_model_C
AIRFLOW_CTX_EXECUTION_DATE=2022-11-08T00:17:35.508136+00:00
AIRFLOW_CTX_TRY_NUMBER=1
AIRFLOW_CTX_DAG_RUN_ID=manual__2022-11-08T00:17:35.508136+00:00
[2022-11-08T00:17:37.869+0000] {python.py:177} INFO - Done. Returned value was: 3
[2022-11-08T00:17:37.989+0000] {taskinstance.py:1406} INFO - Marking task as SUCCESS. dag_id=my_dag, task_id=training_model_C, execution_date=20221108T001735, start_date=20221108T001737, end_date=20221108T001737
[2022-11-08T00:17:38.096+0000] {local_task_job.py:164} INFO - Task exited with return code 0
[2022-11-08T00:17:38.201+0000] {local_task_job.py:273} INFO - 1 downstream tasks scheduled from follow-on schedule check
