[2022-11-08T16:19:59.464+0000] {taskinstance.py:1165} INFO - Dependencies all met for <TaskInstance: book_list_dag.handle_pull_res manual__2022-11-08T16:19:55.344681+00:00 [queued]>
[2022-11-08T16:19:59.500+0000] {taskinstance.py:1165} INFO - Dependencies all met for <TaskInstance: book_list_dag.handle_pull_res manual__2022-11-08T16:19:55.344681+00:00 [queued]>
[2022-11-08T16:19:59.502+0000] {taskinstance.py:1362} INFO - 
--------------------------------------------------------------------------------
[2022-11-08T16:19:59.504+0000] {taskinstance.py:1363} INFO - Starting attempt 1 of 1
[2022-11-08T16:19:59.512+0000] {taskinstance.py:1364} INFO - 
--------------------------------------------------------------------------------
[2022-11-08T16:19:59.543+0000] {taskinstance.py:1383} INFO - Executing <Task(BranchPythonOperator): handle_pull_res> on 2022-11-08 16:19:55.344681+00:00
[2022-11-08T16:19:59.551+0000] {standard_task_runner.py:55} INFO - Started process 860 to run task
[2022-11-08T16:19:59.558+0000] {standard_task_runner.py:82} INFO - Running: ['***', 'tasks', 'run', 'book_list_dag', 'handle_pull_res', 'manual__2022-11-08T16:19:55.344681+00:00', '--job-id', '41', '--raw', '--subdir', 'DAGS_FOLDER/book_lists_dag.py', '--cfg-path', '/tmp/tmpbo4ptvwy']
[2022-11-08T16:19:59.562+0000] {standard_task_runner.py:83} INFO - Job 41: Subtask handle_pull_res
[2022-11-08T16:19:59.708+0000] {task_command.py:376} INFO - Running <TaskInstance: book_list_dag.handle_pull_res manual__2022-11-08T16:19:55.344681+00:00 [running]> on host 786e58bb7830
[2022-11-08T16:19:59.826+0000] {taskinstance.py:1592} INFO - Exporting the following env vars:
AIRFLOW_CTX_DAG_OWNER=***
AIRFLOW_CTX_DAG_ID=book_list_dag
AIRFLOW_CTX_TASK_ID=handle_pull_res
AIRFLOW_CTX_EXECUTION_DATE=2022-11-08T16:19:55.344681+00:00
AIRFLOW_CTX_TRY_NUMBER=1
AIRFLOW_CTX_DAG_RUN_ID=manual__2022-11-08T16:19:55.344681+00:00
[2022-11-08T16:19:59.874+0000] {python.py:177} INFO - Done. Returned value was: duplicate_pull
[2022-11-08T16:19:59.877+0000] {skipmixin.py:155} INFO - Following branch duplicate_pull
[2022-11-08T16:19:59.879+0000] {skipmixin.py:190} INFO - Skipping tasks ['send_email']
[2022-11-08T16:20:00.007+0000] {taskinstance.py:1406} INFO - Marking task as SUCCESS. dag_id=book_list_dag, task_id=handle_pull_res, execution_date=20221108T161955, start_date=20221108T161959, end_date=20221108T162000
[2022-11-08T16:20:00.107+0000] {local_task_job.py:164} INFO - Task exited with return code 0
[2022-11-08T16:20:00.182+0000] {local_task_job.py:273} INFO - 1 downstream tasks scheduled from follow-on schedule check
