[2022-11-08T00:16:29.689+0000] {taskinstance.py:1165} INFO - Dependencies all met for <TaskInstance: my_dag.training_model_B scheduled__2022-11-07T00:00:00+00:00 [queued]>
[2022-11-08T00:16:29.765+0000] {taskinstance.py:1165} INFO - Dependencies all met for <TaskInstance: my_dag.training_model_B scheduled__2022-11-07T00:00:00+00:00 [queued]>
[2022-11-08T00:16:29.769+0000] {taskinstance.py:1362} INFO - 
--------------------------------------------------------------------------------
[2022-11-08T00:16:29.773+0000] {taskinstance.py:1363} INFO - Starting attempt 1 of 1
[2022-11-08T00:16:29.775+0000] {taskinstance.py:1364} INFO - 
--------------------------------------------------------------------------------
[2022-11-08T00:16:29.871+0000] {taskinstance.py:1383} INFO - Executing <Task(PythonOperator): training_model_B> on 2022-11-07 00:00:00+00:00
[2022-11-08T00:16:29.896+0000] {standard_task_runner.py:55} INFO - Started process 3281 to run task
[2022-11-08T00:16:29.911+0000] {standard_task_runner.py:82} INFO - Running: ['***', 'tasks', 'run', 'my_dag', 'training_model_B', 'scheduled__2022-11-07T00:00:00+00:00', '--job-id', '5', '--raw', '--subdir', 'DAGS_FOLDER/my_dag.py', '--cfg-path', '/tmp/tmppkghb_cp']
[2022-11-08T00:16:29.917+0000] {standard_task_runner.py:83} INFO - Job 5: Subtask training_model_B
[2022-11-08T00:16:30.239+0000] {task_command.py:376} INFO - Running <TaskInstance: my_dag.training_model_B scheduled__2022-11-07T00:00:00+00:00 [running]> on host 786e58bb7830
[2022-11-08T00:16:30.719+0000] {taskinstance.py:1592} INFO - Exporting the following env vars:
AIRFLOW_CTX_DAG_OWNER=***
AIRFLOW_CTX_DAG_ID=my_dag
AIRFLOW_CTX_TASK_ID=training_model_B
AIRFLOW_CTX_EXECUTION_DATE=2022-11-07T00:00:00+00:00
AIRFLOW_CTX_TRY_NUMBER=1
AIRFLOW_CTX_DAG_RUN_ID=scheduled__2022-11-07T00:00:00+00:00
[2022-11-08T00:16:30.725+0000] {python.py:177} INFO - Done. Returned value was: 5
[2022-11-08T00:16:30.884+0000] {taskinstance.py:1406} INFO - Marking task as SUCCESS. dag_id=my_dag, task_id=training_model_B, execution_date=20221107T000000, start_date=20221108T001629, end_date=20221108T001630
[2022-11-08T00:16:30.990+0000] {local_task_job.py:164} INFO - Task exited with return code 0
[2022-11-08T00:16:31.066+0000] {local_task_job.py:273} INFO - 1 downstream tasks scheduled from follow-on schedule check
