[2022-11-08T16:17:33.280+0000] {taskinstance.py:1165} INFO - Dependencies all met for <TaskInstance: book_list_dag.send_email manual__2022-11-08T16:17:28.299892+00:00 [queued]>
[2022-11-08T16:17:33.299+0000] {taskinstance.py:1165} INFO - Dependencies all met for <TaskInstance: book_list_dag.send_email manual__2022-11-08T16:17:28.299892+00:00 [queued]>
[2022-11-08T16:17:33.300+0000] {taskinstance.py:1362} INFO - 
--------------------------------------------------------------------------------
[2022-11-08T16:17:33.301+0000] {taskinstance.py:1363} INFO - Starting attempt 1 of 1
[2022-11-08T16:17:33.302+0000] {taskinstance.py:1364} INFO - 
--------------------------------------------------------------------------------
[2022-11-08T16:17:33.322+0000] {taskinstance.py:1383} INFO - Executing <Task(PythonOperator): send_email> on 2022-11-08 16:17:28.299892+00:00
[2022-11-08T16:17:33.329+0000] {standard_task_runner.py:55} INFO - Started process 740 to run task
[2022-11-08T16:17:33.340+0000] {standard_task_runner.py:82} INFO - Running: ['***', 'tasks', 'run', 'book_list_dag', 'send_email', 'manual__2022-11-08T16:17:28.299892+00:00', '--job-id', '39', '--raw', '--subdir', 'DAGS_FOLDER/book_lists_dag.py', '--cfg-path', '/tmp/tmp42zq3bh9']
[2022-11-08T16:17:33.342+0000] {standard_task_runner.py:83} INFO - Job 39: Subtask send_email
[2022-11-08T16:17:33.467+0000] {task_command.py:376} INFO - Running <TaskInstance: book_list_dag.send_email manual__2022-11-08T16:17:28.299892+00:00 [running]> on host 786e58bb7830
[2022-11-08T16:17:33.616+0000] {taskinstance.py:1592} INFO - Exporting the following env vars:
AIRFLOW_CTX_DAG_OWNER=***
AIRFLOW_CTX_DAG_ID=book_list_dag
AIRFLOW_CTX_TASK_ID=send_email
AIRFLOW_CTX_EXECUTION_DATE=2022-11-08T16:17:28.299892+00:00
AIRFLOW_CTX_TRY_NUMBER=1
AIRFLOW_CTX_DAG_RUN_ID=manual__2022-11-08T16:17:28.299892+00:00
[2022-11-08T16:17:34.450+0000] {python.py:177} INFO - Done. Returned value was: ['']
[2022-11-08T16:17:34.504+0000] {taskinstance.py:1406} INFO - Marking task as SUCCESS. dag_id=book_list_dag, task_id=send_email, execution_date=20221108T161728, start_date=20221108T161733, end_date=20221108T161734
[2022-11-08T16:17:34.564+0000] {local_task_job.py:164} INFO - Task exited with return code 0
[2022-11-08T16:17:34.615+0000] {local_task_job.py:273} INFO - 0 downstream tasks scheduled from follow-on schedule check
