[2022-11-08T16:13:22.986+0000] {taskinstance.py:1165} INFO - Dependencies all met for <TaskInstance: book_list_dag.handle_pull_res manual__2022-11-08T16:13:18.455601+00:00 [queued]>
[2022-11-08T16:13:23.001+0000] {taskinstance.py:1165} INFO - Dependencies all met for <TaskInstance: book_list_dag.handle_pull_res manual__2022-11-08T16:13:18.455601+00:00 [queued]>
[2022-11-08T16:13:23.002+0000] {taskinstance.py:1362} INFO - 
--------------------------------------------------------------------------------
[2022-11-08T16:13:23.003+0000] {taskinstance.py:1363} INFO - Starting attempt 1 of 1
[2022-11-08T16:13:23.004+0000] {taskinstance.py:1364} INFO - 
--------------------------------------------------------------------------------
[2022-11-08T16:13:23.044+0000] {taskinstance.py:1383} INFO - Executing <Task(BranchPythonOperator): handle_pull_res> on 2022-11-08 16:13:18.455601+00:00
[2022-11-08T16:13:23.053+0000] {standard_task_runner.py:55} INFO - Started process 515 to run task
[2022-11-08T16:13:23.060+0000] {standard_task_runner.py:82} INFO - Running: ['***', 'tasks', 'run', 'book_list_dag', 'handle_pull_res', 'manual__2022-11-08T16:13:18.455601+00:00', '--job-id', '32', '--raw', '--subdir', 'DAGS_FOLDER/book_lists_dag.py', '--cfg-path', '/tmp/tmprfrqg0ew']
[2022-11-08T16:13:23.061+0000] {standard_task_runner.py:83} INFO - Job 32: Subtask handle_pull_res
[2022-11-08T16:13:23.202+0000] {task_command.py:376} INFO - Running <TaskInstance: book_list_dag.handle_pull_res manual__2022-11-08T16:13:18.455601+00:00 [running]> on host 786e58bb7830
[2022-11-08T16:13:23.314+0000] {taskinstance.py:1592} INFO - Exporting the following env vars:
AIRFLOW_CTX_DAG_OWNER=***
AIRFLOW_CTX_DAG_ID=book_list_dag
AIRFLOW_CTX_TASK_ID=handle_pull_res
AIRFLOW_CTX_EXECUTION_DATE=2022-11-08T16:13:18.455601+00:00
AIRFLOW_CTX_TRY_NUMBER=1
AIRFLOW_CTX_DAG_RUN_ID=manual__2022-11-08T16:13:18.455601+00:00
[2022-11-08T16:13:23.335+0000] {python.py:177} INFO - Done. Returned value was: send_email
[2022-11-08T16:13:23.337+0000] {skipmixin.py:155} INFO - Following branch send_email
[2022-11-08T16:13:23.340+0000] {skipmixin.py:190} INFO - Skipping tasks ['duplicate_pull']
[2022-11-08T16:13:23.410+0000] {taskinstance.py:1406} INFO - Marking task as SUCCESS. dag_id=book_list_dag, task_id=handle_pull_res, execution_date=20221108T161318, start_date=20221108T161322, end_date=20221108T161323
[2022-11-08T16:13:23.479+0000] {local_task_job.py:164} INFO - Task exited with return code 0
[2022-11-08T16:13:23.536+0000] {local_task_job.py:273} INFO - 1 downstream tasks scheduled from follow-on schedule check
